{"timestamp": "2025-06-20T06:14:34.226800", "action": "buy", "token_address": "ChCcxBDFePAWmY3z13NF6EKAJezC1D9192TfuCimVzsq", "symbol": "aasd", "price": 2.8011223500000002e-08, "amount": 2000000.0, "tx_hash": "3zzarX2RyK8nqj8pb6GUyo1QrCPs1cRvbM1NNr1dvXhbgm4qeZz6YfBe7TUCzP5toJLdae55FC3ASmZ7pXq8UMGn"}
{"timestamp": "2025-06-20T06:16:43.863078", "action": "buy", "token_address": "6hgynKXW6zes3VukHdsWDTJ4ADqKGynSXxUJoez1hxMX", "symbol": "Sol Slap", "price": 2.5000000000000002e-08, "amount": 2000000, "tx_hash": "4DN4tTdx6Gurqwkn9mA1SAhbJsG8AUqdN4VN36SiYy45fcKKRpNeyJQpgPmHVw3WZ7csagRkLGQ9vyMm75UvkbZT"}
{"timestamp": "2025-06-20T06:17:16.258729", "action": "buy", "token_address": "EiBcSDw791HckfYczieNpLxy7Ro3uSzk9ZB15GmHpump", "symbol": "Potato", "price": 2.5000000000000002e-08, "amount": 2000000, "tx_hash": "2pqg2Dwq65Kd5nkT1UkHbM2trwqhmnnbD3YjufvPrFaiD5EhLQvEvh35ouCu9HUF37Wc6ZCozbseauwppdT7dai"}
{"timestamp": "2025-06-20T06:17:40.080235", "action": "buy", "token_address": "AKfXbyv8bTdVtYmcKBVXzwB9eFD3ruWShpuj6PSPpump", "symbol": "MAGATRASH", "price": 2.8082080499999997e-08, "amount": 2000000.0, "tx_hash": "29DqoKGxh6KVuwWTsRB24neNpXJJe9VNQGeisfX22tJ3sEPbp9ghFuZea2xTwTMfaDmkyytqLwKmNYhmD6GRquYS"}
{"timestamp": "2025-06-20T06:18:08.494988", "action": "sell", "token_address": "AKfXbyv8bTdVtYmcKBVXzwB9eFD3ruWShpuj6PSPpump", "symbol": "MAGATRASH", "price": 2.8134587581643298e-08, "amount": 2000000.0, "tx_hash": "LzADeoi4TQhoyt7FSqpBEjkDM9DfHNMUUPk89nGc8pUsaSwHownNMrCTGbR84LFQRkfUeLPyBjkqy1Xam2LfiXy"}
{"timestamp": "2025-06-20T06:18:20.611662", "action": "buy", "token_address": "BBVwWZJBbQ4p7uZvKQmqBZvFwKVP4aaFYh2Rx5Kzpump", "symbol": "j*b", "price": 2.5000000000000002e-08, "amount": 2000000, "tx_hash": "jnhTmd6Wf6RYzUexXTk46ojZrvUvfqP4ja2HWLsrTZ8qdDztBiSEHwKw8T3kupNWEQUrgiUmpQaAEVb3fQqYdFJ"}
{"timestamp": "2025-06-20T06:18:43.735992", "action": "buy", "token_address": "3pnGeXCcWEWJNq21Fpc2Kf6RffGTDTcDwNWP5Pkfpump", "symbol": "GSTR", "price": 2.87588675e-08, "amount": 2000000.0, "tx_hash": "2TxXYhsVNb55WDb24M9TZuBASs8WKnaJWKP7S3jJrvZrycskLoWKobuW9CFpcuMoQNdNLAMkjQTBF3hQ53516V2J"}
{"timestamp": "2025-06-21T05:13:52.554202", "action": "buy", "token_address": "3qkxWb6L42Lw13YPtvi1jiodxbcfY9kYmJsvBdt3pump", "symbol": "Fidger", "price": 2.5000000000000002e-08, "amount": 2000000, "tx_hash": "3fxLHhHf18ahVU6zVztLLodnPKgUykPcWPoqEz82qdH7fEshqA5VaYKDju1rJQ45XnLoAhUqYzELrR5HxH3uvnnw"}
{"timestamp": "2025-06-21T05:14:12.684245", "action": "buy", "token_address": "GP9HBbvpyvgxy6JrpCGWxrVkDfoyP2xMSYzC4YT2pump", "symbol": "Wellle", "price": 2.5000000000000002e-08, "amount": 2000000, "tx_hash": "4vDi7g9MMpBD1Z6ufzYc6Rh17x47gQ2yjFyJK15Jgt2TY457jV87NVMYjqbKknVoNEChLiiujGGEp8fwgcNH87pC"}
{"timestamp": "2025-06-21T05:45:10.672707", "action": "buy", "token_address": "iu58fr1KpgjwMbqze3nB8PYH8Zm4tgTkRsSkHRXpump", "symbol": "#nothing", "price": 2.5000000000000002e-08, "amount": 2000000, "tx_hash": "4kngh2PrQmsVyxdvqdWg1DCRcvfVP6nwvk6vJoG5Es7F1QBbXHVrX81ZGnwdaC2yRCYjNR5ZmjYvUWUqK69DDhj8"}
{"timestamp": "2025-06-21T05:45:28.899294", "action": "buy", "token_address": "7PPPkwXYoTMCs2yqZaUEi2TDifFKr6s6yDsAXhgHpump", "symbol": "FAUX BASE", "price": 2.5000000000000002e-08, "amount": 2000000, "tx_hash": "65HTpFXFE69UZDPTze333b8J3ag9jUfcihHHKNB2rfERngLujDfRXvgW8UugQAoKNXt1wxhegDWQkvV5TaUZqknq"}
{"timestamp": "2025-06-27T18:56:25.107173", "action": "buy", "token_address": "5iRhLXWiaqRDk3iEBRNVvRqsqhu1bg7pxukuWNHgpump", "symbol": "TYAG ", "price": 2.8477714770624478e-08, "amount": 1398897.043561, "tx_hash": "2sak4cdSGWjYDmu1j1PWrKy4QnPTccu9mVvAYEWFcgSJN2Lh5JxR6B6XSnDN2sHAjKGCxawXmw7gCnCxw5ZvFGG2"}
{"timestamp": "2025-06-27T18:57:00.944631", "action": "sell", "token_address": "5iRhLXWiaqRDk3iEBRNVvRqsqhu1bg7pxukuWNHgpump", "symbol": "TYAG ", "price": 3.3125679503388e-08, "amount": 1398897.043561, "tx_hash": "3fehq2E88NASZ49F9tgvVnqRK7qPscxc3JsVQgjZJTJmuWZRKBAEPi4jjU3P3iVQRjk5Cga2YmrZq14QpKfCgUtf"}
{"timestamp": "2025-06-27T18:57:28.565053", "action": "buy", "token_address": "Hx9rMTjTgBU6FxDrkZ7WJdaLXurRz5Sfv6Zy9vrkpump", "symbol": "THC", "price": 2.8063296697260035e-08, "amount": 1787154.678976, "tx_hash": "4tjcy3mjxBay54Y7mmwZ94v8kAoL5AsdGdEdTfP58HMk1XUQPuKKLuQVDnataWxkoQjnnqpc2o9P9pUyBCXLWxEW"}
{"timestamp": "2025-06-27T19:24:14.578628", "action": "buy", "token_address": "Ei2XbCv2AKCj5EgfndHovDtAeAxPgsBW1j3BhpQptAy9", "symbol": "QUEST", "price": 2.8126226627868313e-08, "amount": 1787463.340361, "tx_hash": "2ATzsFrT5QkpNgrw1G1hsc2AvR48BSNkT8KDduXA7fDGv7ytJJndhJkxt4p1DyxqbAhrQL9rnYRvT49bs7g4Cz28"}
{"timestamp": "2025-07-02T08:00:52.234167", "action": "buy", "token_address": "5Bg9M1qNVSrX5GM3VTe6LN5Bbvdk9L5y5xCRydiUpump", "symbol": "scheme", "price": 2.988314135334596e-08, "amount": 1675888.133976, "tx_hash": "4DmYdvvjdzQC5TyU6xCQ7ZrWd4vg2gLM5zQBXDWeKwbDD3PwQSmxUrV7AqmLWFRUccFeEwwyoeigCJf1aUB3xCZ1"}
{"timestamp": "2025-07-02T08:01:31.060259", "action": "sell", "token_address": "5Bg9M1qNVSrX5GM3VTe6LN5Bbvdk9L5y5xCRydiUpump", "symbol": "scheme", "price": 2.993143285740397e-08, "amount": 1675888.133976, "tx_hash": "5YLrYfD5crV9xM2xFscJ4bWwhcLKokP3KXMsFhREDNbuZCLePyXGmvuibJxMbdyFbUckvpz2XqCXJGu5AehTdvtA"}
{"timestamp": "2025-07-16T04:00:50.670672", "action": "buy", "token_address": "BAu89mpnBrjaRPuGy6DKZTsXbGsErKosWYz665x7s7Tf", "symbol": "SNOOP", "price": 1.5e-08, "amount": 2000000, "tx_hash": "5iAH8MSsCcdds4AdcHUhfGRe5oSjcfN1wabqnPDbAosjE1kVE7xTDTQXYo4pU7HopN4STrZzaX2fKWyM1Hp6XsCd"}
{"timestamp": "2025-07-16T04:07:55.255089", "action": "buy", "token_address": "AhXabi5VJDcKWRgYfi7dTa9Mz1GkSFVPHHmFCZ9cJ8Pa", "symbol": "MRI", "price": 1.5e-08, "amount": 2000000, "tx_hash": "4AUd547jHty5ANUiTMAgcrHPjcuCUA3pev3XsG8ScZMufNNzMM22P5QEwyjC7wxi9EtCe7hT3CKxz5D7VLZXY6yi"}
{"timestamp": "2025-07-16T04:08:23.424787", "action": "buy", "token_address": "Gfm4NeaMMMuLSCJWmXRKhStDMdapZhhgNdojNBGfMMQ5", "symbol": "TIMELESS", "price": 1.5e-08, "amount": 2000000, "tx_hash": "4L38uRGiRv6EDksGzAHVq7QYy8t68pgZ4Ee2hEDCLqpMcjDrUnqiF4c1GRio5SGQ6HZESQnNrTamPby8YuvvvCQ9"}
{"timestamp": "2025-07-16T04:08:43.096474", "action": "buy", "token_address": "4m5sAC7seqiPpsnaq4YqzzKm9P72XzAQP5mQxkCYpump", "symbol": "GHOPE", "price": 1.5e-08, "amount": 2000000, "tx_hash": "5q6BiP5iQX56XTFh8RGDwySmfVAPc8zefmKXdHNyKLS4AZnDkuu3fWj7T9q9JsxvY1STGxWQAgvWcJdw2oxjqSXw"}
{"timestamp": "2025-07-16T04:11:45.593052", "action": "buy", "token_address": "YWVR7Y6hvq3gXTQ3F5NXPvZTcjpUhukn2pZYG9Mpump", "symbol": "SCAM", "price": 1.5e-08, "amount": 2000000, "tx_hash": "3jNioyXd8XduwXKDujjjEbhTc4fzZEJ7BCUSiWgHzgusQd8cDUM79UbNCYoFt6jGPirpVm1jfwekMn9ohHTzBg1m"}
{"timestamp": "2025-07-16T04:13:11.227492", "action": "buy", "token_address": "H7JCsRUhB5uZTBJy2bkiU5uRWKkRgc9hzryxLc7Ypump", "symbol": "JEUMP", "price": 1.5e-08, "amount": 2000000, "tx_hash": "5XKDbc1bwsauuA9Lycov2iF555QCGxxStgPY8MvPY4beMWZDzyFAnLGveDMgXqLUmSRs5vBzSkvfVyQNHcMox7ir"}
{"timestamp": "2025-07-16T04:21:24.102995", "action": "buy", "token_address": "9a3m9fXJQKK94w9FXLB35fioCxExv5hqKRBJMg85pump", "symbol": "BRRD", "price": 2.5000000000000002e-08, "amount": 2000000, "tx_hash": "36eqeafYYesXby4UyAvoCwVw3Vw6x8nyKykMxjWeYJnonVLLD7k4HdxzAoYvBGEt7iXA6a8mXPbzfrSEx6YK3Fsq"}
